<?xml version="1.0" encoding="UTF-8"?>
<!-- Generated by org.testng.reporters.JUnitReportReporter -->
<testsuite hostname="DESKTOP-25L3FA3" failures="0" tests="6" name="demowebshop.functionalscripts.LoginFunctionalTest" time="41.120" errors="0" timestamp="2024-05-16T11:38:10 IST" skipped="0">
  <testcase classname="demowebshop.functionalscripts.LoginFunctionalTest" name="loginTest" time="6.853"/>
  <testcase classname="demowebshop.functionalscripts.LoginFunctionalTest" name="loginTest" time="7.405"/>
  <testcase classname="demowebshop.functionalscripts.LoginFunctionalTest" name="loginTest" time="5.272"/>
  <testcase classname="demowebshop.functionalscripts.LoginFunctionalTest" name="loginTest" time="7.609"/>
  <testcase classname="demowebshop.functionalscripts.LoginFunctionalTest" name="loginTest" time="7.105"/>
  <testcase classname="demowebshop.functionalscripts.LoginFunctionalTest" name="loginTest" time="6.876"/>
</testsuite> <!-- demowebshop.functionalscripts.LoginFunctionalTest -->
