<?xml version="1.0" encoding="UTF-8"?>
<!-- Generated by org.testng.reporters.JUnitReportReporter -->
<testsuite hostname="DESKTOP-25L3FA3" failures="0" tests="1" name="demowebshop.scripts.TestAddAddress" time="12.762" errors="0" timestamp="2024-05-12T11:35:28 IST" skipped="0">
  <testcase classname="demowebshop.scripts.TestAddAddress" name="addAddress" time="12.762"/>
</testsuite> <!-- demowebshop.scripts.TestAddAddress -->
