<?xml version="1.0" encoding="UTF-8"?>
<!-- Generated by org.testng.reporters.JUnitReportReporter -->
<testsuite hostname="DESKTOP-25L3FA3" failures="0" tests="1" name="demowebshop.scripts.Demo1" time="1.062" errors="0" timestamp="2024-05-26T17:05:51 IST" skipped="0">
  <testcase classname="demowebshop.scripts.Demo1" name="TestExtentReports" time="1.062"/>
</testsuite> <!-- demowebshop.scripts.Demo1 -->
