<?xml version="1.0" encoding="UTF-8"?>
<!-- Generated by org.testng.reporters.JUnitReportReporter -->
<testsuite hostname="DESKTOP-25L3FA3" failures="0" tests="1" name="demowebshop.scripts.Demo" time="3.348" errors="0" timestamp="2024-05-25T22:47:08 IST" skipped="0">
  <testcase classname="demowebshop.scripts.Demo" name="demo" time="3.348">
    <system-out>
      <![CDATA[Hi]]>
    </system-out>
  </testcase> <!-- demo -->
  <system-out>
    <![CDATA[Hi]]>
  </system-out>
</testsuite> <!-- demowebshop.scripts.Demo -->
