<?xml version="1.0" encoding="UTF-8"?>
<!-- Generated by org.testng.reporters.JUnitReportReporter -->
<testsuite hostname="DESKTOP-25L3FA3" failures="0" tests="1" name="demowebshop.functionalscripts.AddProductToCartTest" time="6.460" errors="0" timestamp="2024-05-30T13:50:05 IST" skipped="0">
  <testcase classname="demowebshop.functionalscripts.AddProductToCartTest" name="addProductToCartTest" time="6.460">
    <system-out>
      <![CDATA[addProductToCartTest Test Script has started Execution
addProductToCartTest Test Script has been executed successfully]]>
    </system-out>
  </testcase> <!-- addProductToCartTest -->
  <system-out>
    <![CDATA[Trial Suite has started Execution
addAddressTest Test Script has started Execution
addAddressTest Test Script has been executed successfully
addProductToCartTest Test Script has started Execution
addProductToCartTest Test Script has been executed successfully]]>
  </system-out>
</testsuite> <!-- demowebshop.functionalscripts.AddProductToCartTest -->
